<?xml version="1.0" encoding="UTF-8"?>
<!-- Generated by org.testng.reporters.JUnitXMLReporter -->
<testsuite ignored="0" hostname="Teena" failures="0" tests="3" name="Default test" time="0.041" errors="0" timestamp="2024-05-20T09:35:37 EDT">
  <testcase classname="com.training.testng.FactoryDemoForDataDrivenTesting" name="sampleTest" time="0.012"/>
  <testcase classname="com.training.testng.FactoryDemoForDataDrivenTesting" name="sampleTest" time="0.001"/>
  <testcase classname="com.training.testng.FactoryDemoForDataDrivenTesting" name="sampleTest" time="0.001"/>
</testsuite> <!-- Default test -->
