<?xml version="1.0" encoding="UTF-8"?>
<testng-results ignored="0" total="3" passed="3" failed="0" skipped="0">
  <reporter-output>
  </reporter-output>
  <suite started-at="2024-05-20T09:35:37 EDT" name="Default suite" finished-at="2024-05-20T09:35:37 EDT" duration-ms="41">
    <groups>
    </groups>
    <test started-at="2024-05-20T09:35:37 EDT" name="Default test" finished-at="2024-05-20T09:35:37 EDT" duration-ms="41">
      <class name="com.training.testng.FactoryDemoForDataDrivenTesting">
        <test-method signature="sampleTest()[pri:0, instance:com.training.testng.FactoryDemoForDataDrivenTesting@402bba4f, instance params:[]]" started-at="2024-05-20T09:35:37 EDT" name="sampleTest" finished-at="2024-05-20T09:35:37 EDT" duration-ms="12" status="PASS">
          <reporter-output>
          </reporter-output>
        </test-method> <!-- sampleTest -->
        <test-method signature="sampleTest()[pri:0, instance:com.training.testng.FactoryDemoForDataDrivenTesting@6e171cd7, instance params:[]]" started-at="2024-05-20T09:35:37 EDT" name="sampleTest" finished-at="2024-05-20T09:35:37 EDT" duration-ms="1" status="PASS">
          <reporter-output>
          </reporter-output>
        </test-method> <!-- sampleTest -->
        <test-method signature="sampleTest()[pri:0, instance:com.training.testng.FactoryDemoForDataDrivenTesting@795cd85e, instance params:[]]" started-at="2024-05-20T09:35:37 EDT" name="sampleTest" finished-at="2024-05-20T09:35:37 EDT" duration-ms="1" status="PASS">
          <reporter-output>
          </reporter-output>
        </test-method> <!-- sampleTest -->
      </class> <!-- com.training.testng.FactoryDemoForDataDrivenTesting -->
    </test> <!-- Default test -->
  </suite> <!-- Default suite -->
</testng-results>
